<?xml version="1.0" encoding="utf-8"?><testsuites name="pytest tests"><testsuite name="pytest" errors="0" failures="1" skipped="0" tests="10" time="2.073" timestamp="2026-09-13T18:23:01.587868+00:00" hostname="agent-env-3453a444-f3c1-4375-ae03-98f6a4d1304a"><testcase classname="tests.test_nft_bugfix" name="test_connect_returns_user_with_nft" time="0.643" /><testcase classname="tests.test_nft_bugfix" name="test_nft_mine_returns_75" time="0.101"><failure message="AssertionError: expected 75 got 78&#10;assert 78 == 75&#10; +  where 78 = len([{'token_id': 1, 'name': 'Goalhoodz #1', 'traits': [{'category': 'Background', 'value': 'Changingroom', 'rarity': 'Common', 'stat': 'Stamina', ...}, {'category': 'Base', 'value': 'Gold', 'rarity': 'Rare', 'stat': 'Shooting', ...}, {'category': 'Laces', 'value': 'Red', 'rarity': 'Common', 'stat': 'Speed', ...}, {'category': 'Heel', 'value': 'Purple', 'rarity': 'Common', 'stat': 'Agility', ...}], 'stats': {'Stamina': 7, 'Shooting': 15, 'Speed': 8, 'Agility': 7}, ...}, {'token_id': 2, 'name': 'Goalhoodz #2', 'traits': [{'category': 'Background', 'value': 'Street', 'rarity': 'Common', 'stat': 'Dribbling', ...}, {'category': 'Base', 'value': 'Darkblue', 'rarity': 'Common', 'stat': 'Defense', ...}, {'category': 'Laces', 'value': 'White', 'rarity': 'Common', 'stat': 'Passing', ...}, {'category': 'Heel', 'value': 'White', 'rarity': 'Common', 'stat': 'Defense', ...}], 'stats': {'Dribbling': 8, 'Defense': 13, 'Passing': 6}, ...}, {'token_id': 3, 'name': 'Goalhoodz #3', 'traits': [{'category': 'Background', 'value': 'Goldenhour', 'rarity': 'Common', 'stat': 'Attack', ...}, {'category': 'Base', 'value': 'Purple', 'rarity': 'Common', 'stat': 'Dribbling', ...}, {'category': 'Laces', 'value': '...'category': 'Laces', 'value': 'White-purple', 'rarity': 'Common', 'stat': 'Passing', ...}, {'category': 'Heel', 'value': 'White', 'rarity': 'Common', 'stat': 'Defense', ...}], 'stats': {'Attack': 8, 'Shooting': 9, 'Passing': 7, 'Defense': 6}, ...}, {'token_id': 5, 'name': 'Goalhoodz #5', 'traits': [{'category': 'Background', 'value': 'Street', 'rarity': 'Common', 'stat': 'Dribbling', ...}, {'category': 'Base', 'value': 'Gold', 'rarity': 'Rare', 'stat': 'Shooting', ...}, {'category': 'Laces', 'value': 'Diamond', 'rarity': 'Rare', 'stat': 'Speed', ...}, {'category': 'Heel', 'value': 'Blue', 'rarity': 'Common', 'stat': 'Defense', ...}], 'stats': {'Dribbling': 8, 'Shooting': 15, 'Speed': 15, 'Defense': 6}, ...}, {'token_id': 6, 'name': 'Goalhoodz #6', 'traits': [{'category': 'Background', 'value': 'Street', 'rarity': 'Common', 'stat': 'Dribbling', ...}, {'category': 'Base', 'value': 'Darkblue', 'rarity': 'Common', 'stat': 'Defense', ...}, {'category': 'Laces', 'value': 'Yellow', 'rarity': 'Common', 'stat': 'Agility', ...}, {'category': 'Heel', 'value': 'Red', 'rarity': 'Common', 'stat': 'Physical', ...}], 'stats': {'Dribbling': 8, 'Defense': 7, 'Agility': 7, 'Physical': 8}, ...}, ...])">backend/tests/test_nft_bugfix.py:54: in test_nft_mine_returns_75
    assert len(tokens) == 75, f'expected 75 got {len(tokens)}'
E   AssertionError: expected 75 got 78
E   assert 78 == 75
E    +  where 78 = len([{'token_id': 1, 'name': 'Goalhoodz #1', 'traits': [{'category': 'Background', 'value': 'Changingroom', 'rarity': 'Common', 'stat': 'Stamina', ...}, {'category': 'Base', 'value': 'Gold', 'rarity': 'Rare', 'stat': 'Shooting', ...}, {'category': 'Laces', 'value': 'Red', 'rarity': 'Common', 'stat': 'Speed', ...}, {'category': 'Heel', 'value': 'Purple', 'rarity': 'Common', 'stat': 'Agility', ...}], 'stats': {'Stamina': 7, 'Shooting': 15, 'Speed': 8, 'Agility': 7}, ...}, {'token_id': 2, 'name': 'Goalhoodz #2', 'traits': [{'category': 'Background', 'value': 'Street', 'rarity': 'Common', 'stat': 'Dribbling', ...}, {'category': 'Base', 'value': 'Darkblue', 'rarity': 'Common', 'stat': 'Defense', ...}, {'category': 'Laces', 'value': 'White', 'rarity': 'Common', 'stat': 'Passing', ...}, {'category': 'Heel', 'value': 'White', 'rarity': 'Common', 'stat': 'Defense', ...}], 'stats': {'Dribbling': 8, 'Defense': 13, 'Passing': 6}, ...}, {'token_id': 3, 'name': 'Goalhoodz #3', 'traits': [{'category': 'Background', 'value': 'Goldenhour', 'rarity': 'Common', 'stat': 'Attack', ...}, {'category': 'Base', 'value': 'Purple', 'rarity': 'Common', 'stat': 'Dribbling', ...}, {'category': 'Laces', 'value': '...'category': 'Laces', 'value': 'White-purple', 'rarity': 'Common', 'stat': 'Passing', ...}, {'category': 'Heel', 'value': 'White', 'rarity': 'Common', 'stat': 'Defense', ...}], 'stats': {'Attack': 8, 'Shooting': 9, 'Passing': 7, 'Defense': 6}, ...}, {'token_id': 5, 'name': 'Goalhoodz #5', 'traits': [{'category': 'Background', 'value': 'Street', 'rarity': 'Common', 'stat': 'Dribbling', ...}, {'category': 'Base', 'value': 'Gold', 'rarity': 'Rare', 'stat': 'Shooting', ...}, {'category': 'Laces', 'value': 'Diamond', 'rarity': 'Rare', 'stat': 'Speed', ...}, {'category': 'Heel', 'value': 'Blue', 'rarity': 'Common', 'stat': 'Defense', ...}], 'stats': {'Dribbling': 8, 'Shooting': 15, 'Speed': 15, 'Defense': 6}, ...}, {'token_id': 6, 'name': 'Goalhoodz #6', 'traits': [{'category': 'Background', 'value': 'Street', 'rarity': 'Common', 'stat': 'Dribbling', ...}, {'category': 'Base', 'value': 'Darkblue', 'rarity': 'Common', 'stat': 'Defense', ...}, {'category': 'Laces', 'value': 'Yellow', 'rarity': 'Common', 'stat': 'Agility', ...}, {'category': 'Heel', 'value': 'Red', 'rarity': 'Common', 'stat': 'Physical', ...}], 'stats': {'Dribbling': 8, 'Defense': 7, 'Agility': 7, 'Physical': 8}, ...}, ...])</failure></testcase><testcase classname="tests.test_nft_bugfix" name="test_set_active_36" time="0.066" /><testcase classname="tests.test_nft_bugfix" name="test_set_active_not_owned" time="0.069" /><testcase classname="tests.test_nft_bugfix" name="test_set_active_zero_422" time="0.076" /><testcase classname="tests.test_nft_bugfix" name="test_bonus_public_36" time="0.150" /><testcase classname="tests.test_nft_bugfix" name="test_bonus_unknown_404" time="0.189" /><testcase classname="tests.test_nft_bugfix" name="test_me_reflects_active" time="0.065" /><testcase classname="tests.test_nft_bugfix" name="test_leaderboard_public" time="0.125" /><testcase classname="tests.test_nft_bugfix" name="test_admin_login" time="0.123" /></testsuite></testsuites>