<?xml version="1.0" encoding="utf-8"?><testsuites name="pytest tests"><testsuite name="pytest" errors="0" failures="0" skipped="0" tests="17" time="2.969" timestamp="2026-09-13T14:51:05.340148+00:00" hostname="agent-env-3453a444-f3c1-4375-ae03-98f6a4d1304a"><testcase classname="tests.test_nft_global" name="test_nft_status_no_nft" time="0.431" /><testcase classname="tests.test_nft_global" name="test_connect_without_nft_403" time="0.072" /><testcase classname="tests.test_nft_global" name="test_connect_bypass_w1" time="0.069" /><testcase classname="tests.test_nft_global" name="test_connect_bypass_w2" time="0.068" /><testcase classname="tests.test_nft_global" name="test_forged_jwt_existing_user_without_nft_403" time="0.200" /><testcase classname="tests.test_nft_global" name="test_forged_jwt_global_opponent_403" time="0.073" /><testcase classname="tests.test_nft_global" name="test_global_opponent_not_self" time="0.141" /><testcase classname="tests.test_nft_global" name="test_ensure_usernames" time="0.145" /><testcase classname="tests.test_nft_global" name="test_global_match_draw_updates_both" time="0.353" /><testcase classname="tests.test_nft_global" name="test_global_match_self_opponent_no_double" time="0.205" /><testcase classname="tests.test_nft_global" name="test_global_match_bot_opponent" time="0.209" /><testcase classname="tests.test_nft_global" name="test_global_matches_recent" time="0.072" /><testcase classname="tests.test_nft_global" name="test_global_me_form" time="0.076" /><testcase classname="tests.test_nft_global" name="test_leaderboard" time="0.070" /><testcase classname="tests.test_nft_global" name="test_quick_mode" time="0.070" /><testcase classname="tests.test_nft_global" name="test_league_mode_and_get" time="0.143" /><testcase classname="tests.test_nft_global" name="test_invalid_mode_422" time="0.072" /></testsuite></testsuites>